2017-06-20 13:03:15,637 INFO o.a.e.s.LogUtility [main] parseAll() method
2017-06-20 13:07:07,384 INFO o.a.e.s.LogUtility [main] parseAll() method
2017-06-20 13:07:07,386 INFO o.a.e.s.LogUtility [main] paramName: Request_Format :  paramValue: JSON
2017-06-20 13:07:07,387 INFO o.a.e.s.LogUtility [main] paramName: Response_Format :  paramValue: JSON
2017-06-20 13:07:07,387 INFO o.a.e.s.LogUtility [main] paramName: ClientId :  paramValue: LH_A-NYC_MKI-I_US-FLEX
2017-06-20 13:07:07,387 INFO o.a.e.s.LogUtility [main] paramName: Flexible :  paramValue: false
2017-06-20 13:07:07,388 INFO o.a.e.s.LogUtility [main] paramName: SearchType :  paramValue: OW
2017-06-20 13:07:07,388 INFO o.a.e.s.LogUtility [main] paramName: OWC :  paramValue: none
2017-06-20 13:07:07,388 INFO o.a.e.s.LogUtility [main] paramName: Origin :  paramValue: DUS
2017-06-20 13:07:07,389 INFO o.a.e.s.LogUtility [main] paramName: Destination :  paramValue: FRA
2017-06-20 13:07:07,390 INFO o.a.e.s.LogUtility [main] paramName: OriginDate :  paramValue: 15
2017-06-20 13:07:07,390 INFO o.a.e.s.LogUtility [main] paramName: DestinationDate :  paramValue: none
2017-06-20 13:07:07,390 INFO o.a.e.s.LogUtility [main] paramName: AdtQty :  paramValue: 1
2017-06-20 13:07:07,390 INFO o.a.e.s.LogUtility [main] paramName: ChildQty :  paramValue: 0
2017-06-20 13:07:07,390 INFO o.a.e.s.LogUtility [main] paramName: InfQty :  paramValue: 0
2017-06-20 13:07:07,391 INFO o.a.e.s.LogUtility [main] paramName: UNNQty :  paramValue: 0
2017-06-20 15:46:07,400 INFO o.a.e.s.LogUtility [main] parseAll() method
2017-06-20 15:46:07,415 INFO o.a.e.s.LogUtility [main] paramName: Request_Format :  paramValue: JSON
2017-06-20 15:46:07,415 INFO o.a.e.s.LogUtility [main] paramName: Response_Format :  paramValue: JSON
2017-06-20 15:46:07,415 INFO o.a.e.s.LogUtility [main] paramName: ClientId :  paramValue: LH_A-NYC_MKI-I_US-FLEX
2017-06-20 15:46:07,416 INFO o.a.e.s.LogUtility [main] paramName: Flexible :  paramValue: false
2017-06-20 15:46:07,416 INFO o.a.e.s.LogUtility [main] paramName: SearchType :  paramValue: OW
2017-06-20 15:46:07,416 INFO o.a.e.s.LogUtility [main] paramName: OWC :  paramValue: none
2017-06-20 15:46:07,416 INFO o.a.e.s.LogUtility [main] paramName: Origin :  paramValue: DUS
2017-06-20 15:46:07,416 INFO o.a.e.s.LogUtility [main] paramName: Destination :  paramValue: FRA
2017-06-20 15:46:07,416 INFO o.a.e.s.LogUtility [main] paramName: OriginDate :  paramValue: 15
2017-06-20 15:46:07,416 INFO o.a.e.s.LogUtility [main] paramName: DestinationDate :  paramValue: none
2017-06-20 15:46:07,417 INFO o.a.e.s.LogUtility [main] paramName: AdtQty :  paramValue: 1
2017-06-20 15:46:07,417 INFO o.a.e.s.LogUtility [main] paramName: ChildQty :  paramValue: 0
2017-06-20 15:46:07,417 INFO o.a.e.s.LogUtility [main] paramName: InfQty :  paramValue: 0
2017-06-20 15:46:07,417 INFO o.a.e.s.LogUtility [main] paramName: UNNQty :  paramValue: 0
2017-06-20 15:48:34,220 INFO o.a.e.s.LogUtility [main] parseAll() method
2017-06-20 15:48:34,223 INFO o.a.e.s.LogUtility [main] paramName: Request_Format :  paramValue: JSON
2017-06-20 15:48:34,223 INFO o.a.e.s.LogUtility [main] paramName: Response_Format :  paramValue: JSON
2017-06-20 15:48:34,223 INFO o.a.e.s.LogUtility [main] paramName: ClientId :  paramValue: LH_A-NYC_MKI-I_US-FLEX
2017-06-20 15:48:34,223 INFO o.a.e.s.LogUtility [main] paramName: Flexible :  paramValue: false
2017-06-20 15:48:34,223 INFO o.a.e.s.LogUtility [main] paramName: SearchType :  paramValue: OW
2017-06-20 15:48:34,224 INFO o.a.e.s.LogUtility [main] paramName: OWC :  paramValue: none
2017-06-20 15:48:34,224 INFO o.a.e.s.LogUtility [main] paramName: Origin :  paramValue: DUS
2017-06-20 15:48:34,224 INFO o.a.e.s.LogUtility [main] paramName: Destination :  paramValue: FRA
2017-06-20 15:48:34,224 INFO o.a.e.s.LogUtility [main] paramName: OriginDate :  paramValue: 15
2017-06-20 15:48:34,224 INFO o.a.e.s.LogUtility [main] paramName: DestinationDate :  paramValue: none
2017-06-20 15:48:34,224 INFO o.a.e.s.LogUtility [main] paramName: AdtQty :  paramValue: 1
2017-06-20 15:48:34,225 INFO o.a.e.s.LogUtility [main] paramName: ChildQty :  paramValue: 0
2017-06-20 15:48:34,225 INFO o.a.e.s.LogUtility [main] paramName: InfQty :  paramValue: 0
2017-06-20 15:48:34,225 INFO o.a.e.s.LogUtility [main] paramName: UNNQty :  paramValue: 0
2017-06-21 09:36:45,267 INFO o.a.e.s.LogUtility [main] parseAll() method
2017-06-21 09:36:45,305 INFO o.a.e.s.LogUtility [main] paramName: Request_Format :  paramValue: JSON
2017-06-21 09:36:45,305 INFO o.a.e.s.LogUtility [main] paramName: Response_Format :  paramValue: JSON
2017-06-21 09:36:45,305 INFO o.a.e.s.LogUtility [main] paramName: ClientId :  paramValue: LH_A-NYC_MKI-I_US-FLEX
2017-06-21 09:36:45,305 INFO o.a.e.s.LogUtility [main] paramName: Flexible :  paramValue: false
2017-06-21 09:36:45,305 INFO o.a.e.s.LogUtility [main] paramName: SearchType :  paramValue: OW
2017-06-21 09:36:45,305 INFO o.a.e.s.LogUtility [main] paramName: OWC :  paramValue: none
2017-06-21 09:36:45,305 INFO o.a.e.s.LogUtility [main] paramName: Origin :  paramValue: DUS
2017-06-21 09:36:45,305 INFO o.a.e.s.LogUtility [main] paramName: Destination :  paramValue: FRA
2017-06-21 09:36:45,305 INFO o.a.e.s.LogUtility [main] paramName: OriginDate :  paramValue: 15
2017-06-21 09:36:45,305 INFO o.a.e.s.LogUtility [main] paramName: DestinationDate :  paramValue: none
2017-06-21 09:36:45,305 INFO o.a.e.s.LogUtility [main] paramName: AdtQty :  paramValue: 1
2017-06-21 09:36:45,305 INFO o.a.e.s.LogUtility [main] paramName: ChildQty :  paramValue: 0
2017-06-21 09:36:45,305 INFO o.a.e.s.LogUtility [main] paramName: InfQty :  paramValue: 0
2017-06-21 09:36:45,305 INFO o.a.e.s.LogUtility [main] paramName: UNNQty :  paramValue: 0
2017-06-21 09:37:58,855 INFO o.a.e.s.LogUtility [main] parseAll() method
2017-06-21 09:37:58,855 INFO o.a.e.s.LogUtility [main] paramName: Request_Format :  paramValue: JSON
2017-06-21 09:37:58,855 INFO o.a.e.s.LogUtility [main] paramName: Response_Format :  paramValue: JSON
2017-06-21 09:37:58,855 INFO o.a.e.s.LogUtility [main] paramName: ClientId :  paramValue: LH_A-NYC_MKI-I_US-FLEX
2017-06-21 09:37:58,855 INFO o.a.e.s.LogUtility [main] paramName: Flexible :  paramValue: false
2017-06-21 09:37:58,855 INFO o.a.e.s.LogUtility [main] paramName: SearchType :  paramValue: OW
2017-06-21 09:37:58,855 INFO o.a.e.s.LogUtility [main] paramName: OWC :  paramValue: none
2017-06-21 09:37:58,855 INFO o.a.e.s.LogUtility [main] paramName: Origin :  paramValue: DUS
2017-06-21 09:37:58,855 INFO o.a.e.s.LogUtility [main] paramName: Destination :  paramValue: FRA
2017-06-21 09:37:58,855 INFO o.a.e.s.LogUtility [main] paramName: OriginDate :  paramValue: 15
2017-06-21 09:37:58,855 INFO o.a.e.s.LogUtility [main] paramName: DestinationDate :  paramValue: none
2017-06-21 09:37:58,855 INFO o.a.e.s.LogUtility [main] paramName: AdtQty :  paramValue: 1
2017-06-21 09:37:58,855 INFO o.a.e.s.LogUtility [main] paramName: ChildQty :  paramValue: 0
2017-06-21 09:37:58,855 INFO o.a.e.s.LogUtility [main] paramName: InfQty :  paramValue: 0
2017-06-21 09:37:58,855 INFO o.a.e.s.LogUtility [main] paramName: UNNQty :  paramValue: 0
2017-06-21 10:02:27,716 INFO o.a.e.s.LogUtility [main] parseAll() method
2017-06-21 10:02:27,719 INFO o.a.e.s.LogUtility [main] paramName: Request_Format :  paramValue: JSON
2017-06-21 10:02:27,719 INFO o.a.e.s.LogUtility [main] paramName: Response_Format :  paramValue: JSON
2017-06-21 10:02:27,719 INFO o.a.e.s.LogUtility [main] paramName: ClientId :  paramValue: LH_A-NYC_MKI-I_US-FLEX
2017-06-21 10:02:27,719 INFO o.a.e.s.LogUtility [main] paramName: Flexible :  paramValue: false
2017-06-21 10:02:27,720 INFO o.a.e.s.LogUtility [main] paramName: SearchType :  paramValue: OW
2017-06-21 10:02:27,720 INFO o.a.e.s.LogUtility [main] paramName: OWC :  paramValue: none
2017-06-21 10:02:27,720 INFO o.a.e.s.LogUtility [main] paramName: Origin :  paramValue: DUS
2017-06-21 10:02:27,720 INFO o.a.e.s.LogUtility [main] paramName: Destination :  paramValue: FRA
2017-06-21 10:02:27,720 INFO o.a.e.s.LogUtility [main] paramName: OriginDate :  paramValue: 15
2017-06-21 10:02:27,720 INFO o.a.e.s.LogUtility [main] paramName: DestinationDate :  paramValue: none
2017-06-21 10:02:27,721 INFO o.a.e.s.LogUtility [main] paramName: AdtQty :  paramValue: 1
2017-06-21 10:02:27,721 INFO o.a.e.s.LogUtility [main] paramName: ChildQty :  paramValue: 0
2017-06-21 10:02:27,721 INFO o.a.e.s.LogUtility [main] paramName: InfQty :  paramValue: 0
2017-06-21 10:02:27,721 INFO o.a.e.s.LogUtility [main] paramName: UNNQty :  paramValue: 0
2017-06-21 12:18:26,244 INFO o.a.e.s.LogUtility [main] parseAll() method
2017-06-21 12:18:26,247 INFO o.a.e.s.LogUtility [main] paramName: Request_Format :  paramValue: JSON
2017-06-21 12:18:26,247 INFO o.a.e.s.LogUtility [main] paramName: Response_Format :  paramValue: JSON
2017-06-21 12:18:26,247 INFO o.a.e.s.LogUtility [main] paramName: ClientId :  paramValue: LH_A-NYC_MKI-I_US-FLEX
2017-06-21 12:18:26,247 INFO o.a.e.s.LogUtility [main] paramName: Flexible :  paramValue: false
2017-06-21 12:18:26,247 INFO o.a.e.s.LogUtility [main] paramName: SearchType :  paramValue: OW
2017-06-21 12:18:26,248 INFO o.a.e.s.LogUtility [main] paramName: OWC :  paramValue: none
2017-06-21 12:18:26,248 INFO o.a.e.s.LogUtility [main] paramName: Origin :  paramValue: DUS
2017-06-21 12:18:26,248 INFO o.a.e.s.LogUtility [main] paramName: Destination :  paramValue: FRA
2017-06-21 12:18:26,248 INFO o.a.e.s.LogUtility [main] paramName: OriginDate :  paramValue: 15
2017-06-21 12:18:26,248 INFO o.a.e.s.LogUtility [main] paramName: DestinationDate :  paramValue: none
2017-06-21 12:18:26,249 INFO o.a.e.s.LogUtility [main] paramName: AdtQty :  paramValue: 1
2017-06-21 12:18:26,249 INFO o.a.e.s.LogUtility [main] paramName: ChildQty :  paramValue: 0
2017-06-21 12:18:26,249 INFO o.a.e.s.LogUtility [main] paramName: InfQty :  paramValue: 0
2017-06-21 12:18:26,249 INFO o.a.e.s.LogUtility [main] paramName: UNNQty :  paramValue: 0
2017-06-21 12:20:00,927 INFO o.a.e.s.LogUtility [main] parseAll() method
2017-06-21 12:20:00,929 INFO o.a.e.s.LogUtility [main] paramName: Request_Format :  paramValue: JSON
2017-06-21 12:20:00,929 INFO o.a.e.s.LogUtility [main] paramName: Response_Format :  paramValue: JSON
2017-06-21 12:20:00,929 INFO o.a.e.s.LogUtility [main] paramName: ClientId :  paramValue: LH_A-NYC_MKI-I_US-FLEX
2017-06-21 12:20:00,929 INFO o.a.e.s.LogUtility [main] paramName: Flexible :  paramValue: false
2017-06-21 12:20:00,929 INFO o.a.e.s.LogUtility [main] paramName: SearchType :  paramValue: OW
2017-06-21 12:20:00,929 INFO o.a.e.s.LogUtility [main] paramName: OWC :  paramValue: none
2017-06-21 12:20:00,930 INFO o.a.e.s.LogUtility [main] paramName: Origin :  paramValue: DUS
2017-06-21 12:20:00,930 INFO o.a.e.s.LogUtility [main] paramName: Destination :  paramValue: FRA
2017-06-21 12:20:00,930 INFO o.a.e.s.LogUtility [main] paramName: OriginDate :  paramValue: 15
2017-06-21 12:20:00,930 INFO o.a.e.s.LogUtility [main] paramName: DestinationDate :  paramValue: none
2017-06-21 12:20:00,930 INFO o.a.e.s.LogUtility [main] paramName: AdtQty :  paramValue: 1
2017-06-21 12:20:00,930 INFO o.a.e.s.LogUtility [main] paramName: ChildQty :  paramValue: 0
2017-06-21 12:20:00,931 INFO o.a.e.s.LogUtility [main] paramName: InfQty :  paramValue: 0
2017-06-21 12:20:00,931 INFO o.a.e.s.LogUtility [main] paramName: UNNQty :  paramValue: 0
2017-06-21 12:21:29,548 INFO o.a.e.s.LogUtility [main] parseAll() method
2017-06-21 12:21:29,551 INFO o.a.e.s.LogUtility [main] paramName: Request_Format :  paramValue: JSON
2017-06-21 12:21:29,551 INFO o.a.e.s.LogUtility [main] paramName: Response_Format :  paramValue: JSON
2017-06-21 12:21:29,551 INFO o.a.e.s.LogUtility [main] paramName: ClientId :  paramValue: LH_A-NYC_MKI-I_US-FLEX
2017-06-21 12:21:29,552 INFO o.a.e.s.LogUtility [main] paramName: Flexible :  paramValue: false
2017-06-21 12:21:29,552 INFO o.a.e.s.LogUtility [main] paramName: SearchType :  paramValue: OW
2017-06-21 12:21:29,552 INFO o.a.e.s.LogUtility [main] paramName: OWC :  paramValue: none
2017-06-21 12:21:29,552 INFO o.a.e.s.LogUtility [main] paramName: Origin :  paramValue: DUS
2017-06-21 12:21:29,552 INFO o.a.e.s.LogUtility [main] paramName: Destination :  paramValue: FRA
2017-06-21 12:21:29,552 INFO o.a.e.s.LogUtility [main] paramName: OriginDate :  paramValue: 15
2017-06-21 12:21:29,552 INFO o.a.e.s.LogUtility [main] paramName: DestinationDate :  paramValue: none
2017-06-21 12:21:29,553 INFO o.a.e.s.LogUtility [main] paramName: AdtQty :  paramValue: 1
2017-06-21 12:21:29,553 INFO o.a.e.s.LogUtility [main] paramName: ChildQty :  paramValue: 0
2017-06-21 12:21:29,553 INFO o.a.e.s.LogUtility [main] paramName: InfQty :  paramValue: 0
2017-06-21 12:21:29,553 INFO o.a.e.s.LogUtility [main] paramName: UNNQty :  paramValue: 0
2017-06-21 12:23:44,050 INFO o.a.e.s.LogUtility [main] parseAll() method
2017-06-21 12:23:44,052 INFO o.a.e.s.LogUtility [main] paramName: Request_Format :  paramValue: JSON
2017-06-21 12:23:44,053 INFO o.a.e.s.LogUtility [main] paramName: Response_Format :  paramValue: JSON
2017-06-21 12:23:44,053 INFO o.a.e.s.LogUtility [main] paramName: ClientId :  paramValue: LH_A-NYC_MKI-I_US-FLEX
2017-06-21 12:23:44,053 INFO o.a.e.s.LogUtility [main] paramName: Flexible :  paramValue: false
2017-06-21 12:23:44,053 INFO o.a.e.s.LogUtility [main] paramName: SearchType :  paramValue: OW
2017-06-21 12:23:44,053 INFO o.a.e.s.LogUtility [main] paramName: OWC :  paramValue: none
2017-06-21 12:23:44,053 INFO o.a.e.s.LogUtility [main] paramName: Origin :  paramValue: DUS
2017-06-21 12:23:44,054 INFO o.a.e.s.LogUtility [main] paramName: Destination :  paramValue: FRA
2017-06-21 12:23:44,054 INFO o.a.e.s.LogUtility [main] paramName: OriginDate :  paramValue: 15
2017-06-21 12:23:44,054 INFO o.a.e.s.LogUtility [main] paramName: DestinationDate :  paramValue: none
2017-06-21 12:23:44,054 INFO o.a.e.s.LogUtility [main] paramName: AdtQty :  paramValue: 1
2017-06-21 12:23:44,054 INFO o.a.e.s.LogUtility [main] paramName: ChildQty :  paramValue: 0
2017-06-21 12:23:44,054 INFO o.a.e.s.LogUtility [main] paramName: InfQty :  paramValue: 0
2017-06-21 12:23:44,054 INFO o.a.e.s.LogUtility [main] paramName: UNNQty :  paramValue: 0
2017-06-21 12:24:52,382 INFO o.a.e.s.LogUtility [main] parseAll() method
2017-06-21 12:24:52,383 INFO o.a.e.s.LogUtility [main] paramName: Request_Format :  paramValue: JSON
2017-06-21 12:24:52,383 INFO o.a.e.s.LogUtility [main] paramName: Response_Format :  paramValue: JSON
2017-06-21 12:24:52,384 INFO o.a.e.s.LogUtility [main] paramName: ClientId :  paramValue: LH_A-NYC_MKI-I_US-FLEX
2017-06-21 12:24:52,384 INFO o.a.e.s.LogUtility [main] paramName: Flexible :  paramValue: false
2017-06-21 12:24:52,384 INFO o.a.e.s.LogUtility [main] paramName: SearchType :  paramValue: OW
2017-06-21 12:24:52,384 INFO o.a.e.s.LogUtility [main] paramName: OWC :  paramValue: none
2017-06-21 12:24:52,384 INFO o.a.e.s.LogUtility [main] paramName: Origin :  paramValue: DUS
2017-06-21 12:24:52,384 INFO o.a.e.s.LogUtility [main] paramName: Destination :  paramValue: FRA
2017-06-21 12:24:52,384 INFO o.a.e.s.LogUtility [main] paramName: OriginDate :  paramValue: 15
2017-06-21 12:24:52,385 INFO o.a.e.s.LogUtility [main] paramName: DestinationDate :  paramValue: none
2017-06-21 12:24:52,385 INFO o.a.e.s.LogUtility [main] paramName: AdtQty :  paramValue: 1
2017-06-21 12:24:52,385 INFO o.a.e.s.LogUtility [main] paramName: ChildQty :  paramValue: 0
2017-06-21 12:24:52,385 INFO o.a.e.s.LogUtility [main] paramName: InfQty :  paramValue: 0
2017-06-21 12:24:52,385 INFO o.a.e.s.LogUtility [main] paramName: UNNQty :  paramValue: 0
2017-06-23 10:00:18,186 INFO o.a.e.s.LogUtility [main] parseAll() method
2017-06-23 10:00:18,220 INFO o.a.e.s.LogUtility [main] paramName: Request_Format :  paramValue: JSON
2017-06-23 10:00:18,220 INFO o.a.e.s.LogUtility [main] paramName: Response_Format :  paramValue: JSON
2017-06-23 10:00:18,220 INFO o.a.e.s.LogUtility [main] paramName: ClientId :  paramValue: LH_A-NYC_MKI-I_US-FLEX
2017-06-23 10:00:18,221 INFO o.a.e.s.LogUtility [main] paramName: Flexible :  paramValue: false
2017-06-23 10:00:18,221 INFO o.a.e.s.LogUtility [main] paramName: SearchType :  paramValue: OW
2017-06-23 10:00:18,221 INFO o.a.e.s.LogUtility [main] paramName: OWC :  paramValue: none
2017-06-23 10:00:18,221 INFO o.a.e.s.LogUtility [main] paramName: Origin :  paramValue: DUS
2017-06-23 10:00:18,221 INFO o.a.e.s.LogUtility [main] paramName: Destination :  paramValue: FRA
2017-06-23 10:00:18,222 INFO o.a.e.s.LogUtility [main] paramName: OriginDate :  paramValue: 15
2017-06-23 10:00:18,222 INFO o.a.e.s.LogUtility [main] paramName: DestinationDate :  paramValue: none
2017-06-23 10:00:18,222 INFO o.a.e.s.LogUtility [main] paramName: AdtQty :  paramValue: 1
2017-06-23 10:00:18,222 INFO o.a.e.s.LogUtility [main] paramName: ChildQty :  paramValue: 0
2017-06-23 10:00:18,222 INFO o.a.e.s.LogUtility [main] paramName: InfQty :  paramValue: 0
2017-06-23 10:00:18,222 INFO o.a.e.s.LogUtility [main] paramName: UNNQty :  paramValue: 0
2017-06-23 10:00:47,672 INFO o.a.e.s.LogUtility [main] parseAll() method
2017-06-23 10:00:47,675 INFO o.a.e.s.LogUtility [main] paramName: Request_Format :  paramValue: JSON
2017-06-23 10:00:47,675 INFO o.a.e.s.LogUtility [main] paramName: Response_Format :  paramValue: JSON
2017-06-23 10:00:47,675 INFO o.a.e.s.LogUtility [main] paramName: ClientId :  paramValue: LH_A-NYC_MKI-I_US-FLEX
2017-06-23 10:00:47,675 INFO o.a.e.s.LogUtility [main] paramName: Flexible :  paramValue: false
2017-06-23 10:00:47,676 INFO o.a.e.s.LogUtility [main] paramName: SearchType :  paramValue: OW
2017-06-23 10:00:47,676 INFO o.a.e.s.LogUtility [main] paramName: OWC :  paramValue: none
2017-06-23 10:00:47,676 INFO o.a.e.s.LogUtility [main] paramName: Origin :  paramValue: DUS
2017-06-23 10:00:47,676 INFO o.a.e.s.LogUtility [main] paramName: Destination :  paramValue: FRA
2017-06-23 10:00:47,676 INFO o.a.e.s.LogUtility [main] paramName: OriginDate :  paramValue: 15
2017-06-23 10:00:47,676 INFO o.a.e.s.LogUtility [main] paramName: DestinationDate :  paramValue: none
2017-06-23 10:00:47,676 INFO o.a.e.s.LogUtility [main] paramName: AdtQty :  paramValue: 1
2017-06-23 10:00:47,677 INFO o.a.e.s.LogUtility [main] paramName: ChildQty :  paramValue: 0
2017-06-23 10:00:47,677 INFO o.a.e.s.LogUtility [main] paramName: InfQty :  paramValue: 0
2017-06-23 10:00:47,677 INFO o.a.e.s.LogUtility [main] paramName: UNNQty :  paramValue: 0
